Arguments: 
  /home/etherofgodd/.nvm/versions/node/v14.17.0/bin/node /home/etherofgodd/.nvm/versions/node/v14.17.0/bin/yarn

PATH: 
  /home/etherofgodd/.nvm/versions/node/v14.17.0/bin:/home/etherofgodd/.local/bin:/usr/local/bin:/usr/bin:/bin:/usr/local/sbin:/usr/lib/jvm/default/bin:/usr/bin/site_perl:/usr/bin/vendor_perl:/usr/bin/core_perl:/var/lib/snapd/snap/bin:/home/etherofgodd/Android/Sdk/emulator:/home/etherofgodd/Android/Sdk/tools:/home/etherofgodd/Android/Sdk/tools/bin:/home/etherofgodd/Android/Sdk/platform-tools

Yarn version: 
  1.22.10

Node version: 
  14.17.0

Platform: 
  linux x64

Trace: 
  Error: https://registry.yarnpkg.com/bcrypt: ETIMEDOUT
      at Timeout._onTimeout (/home/etherofgodd/.nvm/versions/node/v14.17.0/lib/node_modules/yarn/lib/cli.js:141322:19)
      at listOnTimeout (internal/timers.js:555:17)
      at processTimers (internal/timers.js:498:7)

npm manifest: 
  {
    "name": "saucevotebackend",
    "version": "1.0.0",
    "description": "",
    "main": "index.js",
    "scripts": {
      "test": "echo \"Error: no test specified\" && exit 1"
    },
    "author": "",
    "license": "ISC",
  "dependencies": {
      "bcrypt": "^5.0.1",
      "colors": "^1.4.0",
      "cookie-parser": "^1.4.5",
      "cors": "^2.8.5",
      "dotenv": "^9.0.2",
      "express": "^4.17.1",
      "express-async-handler": "^1.1.4",
      "jsonwebtoken": "^8.5.1",
      "mongoose": "^5.12.9",
      "mongoose-type-ethereum-address": "^1.1.5",
      "morgan": "^1.10.0"
    }
  }

yarn manifest: 
  No manifest

Lockfile: 
  No lockfile
